Pig Stack Trace
---------------
ERROR 6017: JobID: job_1404321897211_1483 Reason: Job failed!

org.apache.pig.backend.executionengine.ExecException: ERROR 6017: JobID: job_1404321897211_1483 Reason: Job failed!
	at org.apache.pig.backend.hadoop.executionengine.mapReduceLayer.MapReduceLauncher.checkStopOnFailure(MapReduceLauncher.java:520)
	at org.apache.pig.backend.hadoop.executionengine.mapReduceLayer.MapReduceLauncher.launchPig(MapReduceLauncher.java:345)
	at org.apache.pig.PigServer.launchPlan(PigServer.java:1324)
	at org.apache.pig.PigServer.executeCompiledLogicalPlan(PigServer.java:1309)
	at org.apache.pig.PigServer.execute(PigServer.java:1299)
	at org.apache.pig.PigServer.executeBatch(PigServer.java:377)
	at org.apache.pig.PigServer.executeBatch(PigServer.java:355)
	at org.apache.pig.tools.grunt.GruntParser.executeBatch(GruntParser.java:140)
	at org.apache.pig.tools.grunt.GruntParser.parseStopOnError(GruntParser.java:202)
	at org.apache.pig.tools.grunt.GruntParser.parseStopOnError(GruntParser.java:173)
	at org.apache.pig.tools.grunt.Grunt.exec(Grunt.java:84)
	at org.apache.pig.Main.run(Main.java:607)
	at org.apache.pig.Main.main(Main.java:156)
	at sun.reflect.NativeMethodAccessorImpl.invoke0(Native Method)
	at sun.reflect.NativeMethodAccessorImpl.invoke(NativeMethodAccessorImpl.java:57)
	at sun.reflect.DelegatingMethodAccessorImpl.invoke(DelegatingMethodAccessorImpl.java:43)
	at java.lang.reflect.Method.invoke(Method.java:606)
	at org.apache.hadoop.util.RunJar.main(RunJar.java:212)
================================================================================
